<?xml version="1.0" encoding="UTF-8"?>
<!-- Generated by org.testng.reporters.JUnitReportReporter -->
<testsuite hostname="DESKTOP-5EVK54D" failures="0" tests="2" name="com.spotify.tests.CreatePlaylist" time="7.522" errors="0" timestamp="2023-08-14T20:26:26 IST" skipped="0">
  <testcase classname="com.spotify.tests.CreatePlaylist" name="createPlaylist" time="7.024"/>
  <system-out/>
  <testcase classname="com.spotify.tests.CreatePlaylist" name="getAPlaylist" time="0.498"/>
  <system-out/>
</testsuite> <!-- com.spotify.tests.CreatePlaylist -->
