<?xml version="1.0" encoding="UTF-8"?>
<!-- Generated by org.testng.reporters.JUnitReportReporter -->
<testsuite hostname="DESKTOP-5EVK54D" failures="0" tests="1" name="basiccalls.GetPostManWorkspace" time="6.126" errors="0" timestamp="2023-07-18T20:42:26 IST" skipped="0">
  <testcase classname="basiccalls.GetPostManWorkspace" name="getAllWorkspaces" time="6.126"/>
  <system-out/>
</testsuite> <!-- basiccalls.GetPostManWorkspace -->
