<?xml version="1.0" encoding="UTF-8"?>
<!-- Generated by org.testng.reporters.JUnitReportReporter -->
<testsuite hostname="DESKTOP-5EVK54D" failures="0" tests="1" name="fetchdatafromresponse.FetchLastnameWhoseEmail" time="6.686" errors="0" timestamp="2023-07-20T20:36:36 IST" skipped="0">
  <testcase classname="fetchdatafromresponse.FetchLastnameWhoseEmail" name="getUserDetails" time="6.686"/>
  <system-out/>
</testsuite> <!-- fetchdatafromresponse.FetchLastnameWhoseEmail -->
