<?xml version="1.0" encoding="UTF-8"?>
<!-- Generated by org.testng.reporters.JUnitReportReporter -->
<testsuite hostname="LAPTOP-A0PV6E41" failures="0" tests="1" name="sendingbodyasobject.PostComplexJson" time="4.223" errors="0" timestamp="2023-11-01T15:45:56 IST" skipped="0">
  <testcase classname="sendingbodyasobject.PostComplexJson" name="sendingComplexJson" time="4.223"/>
  <system-out/>
</testsuite> <!-- sendingbodyasobject.PostComplexJson -->
