<?xml version="1.0" encoding="UTF-8"?>
<!-- Generated by org.testng.reporters.JUnitReportReporter -->
<testsuite hostname="DESKTOP-5EVK54D" failures="0" tests="1" name="fetchdatafromresponse.ExtractComplexJsonData" time="6.341" errors="0" timestamp="2023-07-19T21:26:27 IST" skipped="0">
  <testcase classname="fetchdatafromresponse.ExtractComplexJsonData" name="getUserDetails" time="6.341"/>
  <system-out/>
</testsuite> <!-- fetchdatafromresponse.ExtractComplexJsonData -->
