<?xml version="1.0" encoding="UTF-8"?>
<!-- Generated by org.testng.reporters.JUnitReportReporter -->
<testsuite hostname="DESKTOP-5EVK54D" failures="0" tests="1" name="pathandqueryparam.PathParameter" time="4.557" errors="0" timestamp="2023-07-21T21:06:41 IST" skipped="0">
  <testcase classname="pathandqueryparam.PathParameter" name="getUserDetails" time="4.557"/>
  <system-out/>
</testsuite> <!-- pathandqueryparam.PathParameter -->
