<?xml version="1.0" encoding="UTF-8"?>
<!-- Generated by org.testng.reporters.JUnitReportReporter -->
<testsuite hostname="DESKTOP-5EVK54D" failures="0" tests="1" name="uploadanddownload.UploadAFile" time="6.807" errors="0" timestamp="2023-07-26T21:22:55 IST" skipped="0">
  <testcase classname="uploadanddownload.UploadAFile" name="uploadFile" time="6.807"/>
  <system-out/>
</testsuite> <!-- uploadanddownload.UploadAFile -->
