<?xml version="1.0" encoding="UTF-8"?>
<!-- Generated by org.testng.reporters.JUnitReportReporter -->
<testsuite hostname="DESKTOP-5EVK54D" failures="0" tests="1" name="sendingbodyasobject.SendingBodyUsingString" time="8.900" errors="0" timestamp="2023-07-25T20:41:08 IST" skipped="0">
  <testcase classname="sendingbodyasobject.SendingBodyUsingString" name="createAnUser" time="8.900"/>
  <system-out/>
</testsuite> <!-- sendingbodyasobject.SendingBodyUsingString -->
