<?xml version="1.0" encoding="UTF-8"?>
<!-- Generated by org.testng.reporters.JUnitReportReporter -->
<testsuite hostname="DESKTOP-5EVK54D" failures="0" tests="1" name="basiccalls.Get_UserDetails" time="4.723" errors="0" timestamp="2023-07-18T20:15:05 IST" skipped="0">
  <testcase classname="basiccalls.Get_UserDetails" name="getUserDetails" time="4.723"/>
  <system-out/>
</testsuite> <!-- basiccalls.Get_UserDetails -->
