<?xml version="1.0" encoding="UTF-8"?>
<!-- Generated by org.testng.reporters.JUnitReportReporter -->
<testsuite hostname="DESKTOP-5EVK54D" failures="0" tests="1" name="basiccalls.UpdateWorkspace" time="5.451" errors="0" timestamp="2023-07-19T20:14:53 IST" skipped="0">
  <testcase classname="basiccalls.UpdateWorkspace" name="createAWorkspace" time="5.451"/>
  <system-out/>
</testsuite> <!-- basiccalls.UpdateWorkspace -->
