<?xml version="1.0" encoding="UTF-8"?>
<!-- Generated by org.testng.reporters.JUnitReportReporter -->
<testsuite hostname="DESKTOP-5EVK54D" failures="0" tests="1" name="basiccalls.GetAWorkspaceDetails" time="5.674" errors="0" timestamp="2023-07-18T21:00:21 IST" skipped="0">
  <testcase classname="basiccalls.GetAWorkspaceDetails" name="getAWorkspaceDetail" time="5.674"/>
  <system-out/>
</testsuite> <!-- basiccalls.GetAWorkspaceDetails -->
