<?xml version="1.0" encoding="UTF-8"?>
<!-- Generated by org.testng.reporters.JUnitReportReporter -->
<testsuite hostname="DESKTOP-5EVK54D" failures="0" tests="1" name="sendingbodyasobject.SendingJsonAsObject" time="7.619" errors="0" timestamp="2023-07-25T21:11:27 IST" skipped="0">
  <testcase classname="sendingbodyasobject.SendingJsonAsObject" name="createWorkspace" time="7.619"/>
  <system-out/>
</testsuite> <!-- sendingbodyasobject.SendingJsonAsObject -->
