<?xml version="1.0" encoding="UTF-8"?>
<!-- Generated by org.testng.reporters.JUnitReportReporter -->
<testsuite hostname="DESKTOP-5EVK54D" failures="0" tests="4" name="com.spotify.tests.PlaylistWithReusableCalls" time="12.463" errors="0" timestamp="2023-08-15T18:54:12 IST" skipped="0">
  <testcase classname="com.spotify.tests.PlaylistWithReusableCalls" name="createPlayList" time="10.532"/>
  <system-out/>
  <testcase classname="com.spotify.tests.PlaylistWithReusableCalls" name="getAPlayList" time="0.967"/>
  <system-out/>
  <testcase classname="com.spotify.tests.PlaylistWithReusableCalls" name="validateUpdatePlaylist" time="0.684"/>
  <system-out/>
  <testcase classname="com.spotify.tests.PlaylistWithReusableCalls" name="shouldNotBeAuthorized" time="0.280"/>
  <system-out/>
</testsuite> <!-- com.spotify.tests.PlaylistWithReusableCalls -->
