<?xml version="1.0" encoding="UTF-8"?>
<!-- Generated by org.testng.reporters.JUnitReportReporter -->
<testsuite hostname="DESKTOP-5EVK54D" failures="0" tests="2" name="apichaining.CreateWorkspaceAndGetDetails" time="10.336" errors="0" timestamp="2023-07-25T20:23:33 IST" skipped="0">
  <testcase classname="apichaining.CreateWorkspaceAndGetDetails" name="createAWorkspace" time="8.793"/>
  <system-out/>
  <testcase classname="apichaining.CreateWorkspaceAndGetDetails" name="getAWorkspaceDetail" time="1.543"/>
  <system-out/>
</testsuite> <!-- apichaining.CreateWorkspaceAndGetDetails -->
