<?xml version="1.0" encoding="UTF-8"?>
<!-- Generated by org.testng.reporters.JUnitReportReporter -->
<testsuite hostname="DESKTOP-5EVK54D" failures="0" tests="1" name="pathandqueryparam.QueryParameters" time="4.842" errors="0" timestamp="2023-07-21T21:17:07 IST" skipped="0">
  <testcase classname="pathandqueryparam.QueryParameters" name="getUserDetails" time="4.842"/>
  <system-out/>
</testsuite> <!-- pathandqueryparam.QueryParameters -->
