<?xml version="1.0" encoding="UTF-8"?>
<!-- Generated by org.testng.reporters.JUnitReportReporter -->
<testsuite hostname="LAPTOP-A0PV6E41" failures="0" tests="2" name="ecom.LoginAPI" time="2.819" errors="0" timestamp="2023-11-02T15:09:51 IST" skipped="0">
  <testcase classname="ecom.LoginAPI" name="loginToApp" time="2.553"/>
  <system-out/>
  <testcase classname="ecom.LoginAPI" name="addProduct" time="0.266"/>
  <system-out/>
</testsuite> <!-- ecom.LoginAPI -->
