<?xml version="1.0" encoding="UTF-8"?>
<!-- Generated by org.testng.reporters.JUnitReportReporter -->
<testsuite hostname="DESKTOP-5EVK54D" failures="0" tests="1" name="fetchdatafromresponse.FetchDataFromReadyMadeJson" time="3.660" errors="0" timestamp="2023-07-20T20:46:11 IST" skipped="0">
  <testcase classname="fetchdatafromresponse.FetchDataFromReadyMadeJson" name="fetchData" time="3.660"/>
  <system-out/>
</testsuite> <!-- fetchdatafromresponse.FetchDataFromReadyMadeJson -->
