<?xml version="1.0" encoding="UTF-8"?>
<!-- Generated by org.testng.reporters.JUnitReportReporter -->
<testsuite hostname="DESKTOP-5EVK54D" failures="0" tests="1" name="basiccalls.DeleteCall" time="5.711" errors="0" timestamp="2023-07-19T20:25:44 IST" skipped="0">
  <testcase classname="basiccalls.DeleteCall" name="deleteAWorkspace" time="5.711"/>
  <system-out/>
</testsuite> <!-- basiccalls.DeleteCall -->
