<?xml version="1.0" encoding="UTF-8"?>
<!-- Generated by org.testng.reporters.JUnitReportReporter -->
<testsuite hostname="DESKTOP-5EVK54D" failures="0" tests="1" name="fetchdatafromresponse.CreateWorkspace" time="7.385" errors="0" timestamp="2023-07-19T21:11:34 IST" skipped="0">
  <testcase classname="fetchdatafromresponse.CreateWorkspace" name="createAWorkspace" time="7.385"/>
  <system-out/>
</testsuite> <!-- fetchdatafromresponse.CreateWorkspace -->
