<?xml version="1.0" encoding="UTF-8"?>
<!-- Generated by org.testng.reporters.JUnitReportReporter -->
<testsuite hostname="DESKTOP-5EVK54D" failures="0" tests="1" name="sendingbodyasobject.ComplexPostCall" time="6.331" errors="0" timestamp="2023-07-26T21:20:25 IST" skipped="0">
  <testcase classname="sendingbodyasobject.ComplexPostCall" name="postCall" time="6.331"/>
  <system-out/>
</testsuite> <!-- sendingbodyasobject.ComplexPostCall -->
