<?xml version="1.0" encoding="UTF-8"?>
<!-- Generated by org.testng.reporters.JUnitReportReporter -->
<testsuite hostname="DESKTOP-5EVK54D" failures="0" tests="2" name="specbuilders.ReqResSpecBuilder" time="7.650" errors="0" timestamp="2023-07-24T21:30:56 IST" skipped="0">
  <testcase classname="specbuilders.ReqResSpecBuilder" name="createAnUser" time="6.366"/>
  <system-out/>
  <testcase classname="specbuilders.ReqResSpecBuilder" name="getUserDetails" time="1.284"/>
  <system-out/>
</testsuite> <!-- specbuilders.ReqResSpecBuilder -->
