<?xml version="1.0" encoding="UTF-8"?>
<!-- Generated by org.testng.reporters.JUnitReportReporter -->
<testsuite hostname="DESKTOP-5EVK54D" failures="0" tests="1" name="pathandqueryparam.EchoGetRequest" time="4.798" errors="0" timestamp="2023-07-21T23:31:21 IST" skipped="0">
  <testcase classname="pathandqueryparam.EchoGetRequest" name="getEchoParam" time="4.798"/>
  <system-out/>
</testsuite> <!-- pathandqueryparam.EchoGetRequest -->
