<?xml version="1.0" encoding="UTF-8"?>
<!-- Generated by org.testng.reporters.JUnitReportReporter -->
<testsuite hostname="DESKTOP-5EVK54D" failures="0" tests="1" name="basiccalls.CreateWorkspace" time="5.661" errors="0" timestamp="2023-07-18T21:23:03 IST" skipped="0">
  <testcase classname="basiccalls.CreateWorkspace" name="createAWorkspace" time="5.661"/>
  <system-out/>
</testsuite> <!-- basiccalls.CreateWorkspace -->
