<?xml version="1.0" encoding="UTF-8"?>
<!-- Generated by org.testng.reporters.JUnitReportReporter -->
<testsuite hostname="DESKTOP-5EVK54D" failures="0" tests="1" name="basiccalls.HeadCall" time="5.116" errors="0" timestamp="2023-07-19T20:44:51 IST" skipped="0">
  <testcase classname="basiccalls.HeadCall" name="getAllWorkspaces" time="5.116"/>
  <system-out/>
</testsuite> <!-- basiccalls.HeadCall -->
