<?xml version="1.0" encoding="UTF-8"?>
<!-- Generated by org.testng.reporters.JUnitReportReporter -->
<testsuite hostname="DESKTOP-5EVK54D" failures="0" tests="1" name="sendingbodyasobject.MockGetRequest" time="7.047" errors="0" timestamp="2023-07-26T20:26:21 IST" skipped="0">
  <testcase classname="sendingbodyasobject.MockGetRequest" name="getResponse" time="7.047"/>
  <system-out/>
</testsuite> <!-- sendingbodyasobject.MockGetRequest -->
